   0  $accept : programa $end

   1  programa : '{' componentes_programa '}'
   2           | '{' componentes_programa
   3           | componentes_programa '}'
   4           | componentes_programa

   5  componentes_programa : declaracion
   6                       | sentencia
   7                       | componentes_programa sentencia
   8                       | componentes_programa declaracion

   9  declaracion : declaracion_clase
  10              | declaracion_funcion

  11  declaracion_clase : encabezado_clase bloque_clase ','
  12                    | encabezado_clase IMPLEMENT ID bloque_clase ','
  13                    | encabezado_interface bloque_interfaz ','
  14                    | encabezado_clase bloque_clase ';'
  15                    | encabezado_clase IMPLEMENT ID bloque_clase ';'
  16                    | encabezado_interface bloque_interfaz ';'

  17  encabezado_clase : CLASS ID

  18  encabezado_interface : INTERFACE ID

  19  bloque_clase : '{' cuerpo_clase '}'
  20               | '{' cuerpo_clase herencia_clase '}'
  21               | '(' cuerpo_clase ')'
  22               | '{' '}'
  23               | '(' ')'

  24  herencia_clase : ID ','

  25  bloque_interfaz : '{' cuerpo_interfaz '}'
  26                  | '(' cuerpo_interfaz ')'
  27                  | '{' '}'
  28                  | '(' ')'

  29  cuerpo_clase : miembro_clase
  30               | cuerpo_clase miembro_clase

  31  miembro_clase : declaracion_variable
  32                | declaracion_funcion

  33  cuerpo_interfaz : declaracion_funcion_interfaz
  34                  | cuerpo_interfaz declaracion_funcion_interfaz
  35                  | declaracion_funcion
  36                  | cuerpo_interfaz declaracion_funcion

  37  declaracion_funcion_interfaz : encabezado_funcion '(' ')' ','
  38                               | encabezado_funcion '(' parametro_formal ')' ','
  39                               | encabezado_funcion '(' ')' ';'
  40                               | encabezado_funcion '(' parametro_formal ')' ';'
  41                               | encabezado_funcion parametro_formal ','
  42                               | encabezado_funcion ';'
  43                               | encabezado_funcion parametro_formal ';'

  44  declaracion_variable : tipo lista_de_id ','

  45  declaracion_funcion : encabezado_funcion '(' ')' bloque_sentencias_funcion ','
  46                      | encabezado_funcion '(' parametro_formal ')' bloque_sentencias_funcion ','
  47                      | encabezado_funcion '(' ')' bloque_sentencias_funcion
  48                      | encabezado_funcion '(' parametro_formal ')' bloque_sentencias_funcion

  49  encabezado_funcion : VOID ID

  50  parametro_formal : tipo ID

  51  bloque_sentencias_funcion : '{' lista_sentencias_funcion '}'
  52                            | '(' lista_sentencias_funcion ')'
  53                            | '{' '}'
  54                            | '(' ')'

  55  lista_sentencias_funcion : sentencia_funcion
  56                           | lista_sentencias_funcion sentencia_funcion

  57  sentencia_funcion : declaracion_funcion
  58                    | sentencia

  59  sentencia : sentencia_expresion
  60            | sentencia_seleccion
  61            | sentencia_iteracion
  62            | sentencia_imprimir
  63            | sentencia_retorno

  64  sentencia_retorno : RETURN ','
  65                    | RETURN ';'

  66  sentencia_imprimir : PRINT CADENA ','
  67                     | PRINT CADENA ';'

  68  sentencia_seleccion : condicion_if cuerpo_then END_IF ','
  69                      | condicion_if cuerpo_then cuerpo_else END_IF ','
  70                      | condicion_if cuerpo_then END_IF ';'
  71                      | condicion_if cuerpo_then cuerpo_else END_IF ';'
  72                      | condicion_if cuerpo_then ','
  73                      | condicion_if cuerpo_then cuerpo_else ','

  74  condicion_if : IF '(' comparacion ')'
  75               | IF '(' ')'

  76  cuerpo_then : sentencia
  77              | bloque_sentencias

  78  cuerpo_else : ELSE sentencia
  79              | ELSE bloque_sentencias

  80  bloque_sentencias : '{' lista_sentencias '}'
  81                    | '(' lista_sentencias ')'
  82                    | '{' '}'
  83                    | '(' ')'

  84  lista_sentencias : sentencia
  85                   | lista_sentencias sentencia

  86  comparacion : operacion comparador operacion
  87              | operacion comparador
  88              | comparador operacion
  89              | comparador

  90  comparador : '<'
  91             | '>'
  92             | "<="
  93             | ">="
  94             | "=="
  95             | "!!"
  96             | error

  97  sentencia_iteracion : inicio_do bloque_sentencias WHILE '(' comparacion ')' ','
  98                      | inicio_do bloque_sentencias WHILE '(' comparacion ')' ';'
  99                      | inicio_do bloque_sentencias WHILE '(' ')' ','

 100  inicio_do : DO

 101  sentencia_expresion : declaracion_variable
 102                      | factor_inmediato
 103                      | asignacion
 104                      | llamado_clase '(' ')' ','
 105                      | llamado_clase '(' ')' ';'
 106                      | llamado_clase '(' operacion ')' ','
 107                      | llamado_clase '(' operacion ')' ';'
 108                      | TOD '(' operacion ')' ','
 109                      | TOD '(' operacion ')' ';'

 110  llamado_clase : ID
 111                | llamado_clase '.' ID

 112  asignacion : llamado_clase '=' operacion ','
 113             | llamado_clase '=' operacion ';'
 114             | tipo llamado_clase '=' operacion ','

 115  lista_de_id : lista_de_id ';' ID
 116              | ID

 117  operacion : termino
 118            | operacion '+' termino
 119            | operacion '-' termino

 120  termino : factor
 121          | termino '*' factor
 122          | termino '/' factor

 123  factor : factor_comun
 124         | factor_inmediato

 125  factor_inmediato : llamado_clase "--"

 126  factor_comun : llamado_clase
 127               | '-' CTE_DOUBLE
 128               | CTE_DOUBLE
 129               | '-' CTE_LONG
 130               | CTE_LONG
 131               | CTE_UINT
 132               | '-' CTE_UINT

 133  tipo : DOUBLE
 134       | UINT
 135       | LONG
 136       | ID

state 0
	$accept : . programa $end  (0)

	IF  shift 1
	PRINT  shift 2
	CLASS  shift 3
	VOID  shift 4
	LONG  shift 5
	UINT  shift 6
	DOUBLE  shift 7
	DO  shift 8
	INTERFACE  shift 9
	RETURN  shift 10
	TOD  shift 11
	ID  shift 12
	'{'  shift 13
	.  error

	programa  goto 14
	componentes_programa  goto 15
	declaracion  goto 16
	sentencia  goto 17
	declaracion_clase  goto 18
	declaracion_funcion  goto 19
	encabezado_clase  goto 20
	encabezado_interface  goto 21
	declaracion_variable  goto 22
	encabezado_funcion  goto 23
	tipo  goto 24
	sentencia_expresion  goto 25
	sentencia_seleccion  goto 26
	sentencia_iteracion  goto 27
	sentencia_imprimir  goto 28
	sentencia_retorno  goto 29
	condicion_if  goto 30
	inicio_do  goto 31
	factor_inmediato  goto 32
	asignacion  goto 33
	llamado_clase  goto 34


state 1
	condicion_if : IF . '(' comparacion ')'  (74)
	condicion_if : IF . '(' ')'  (75)

	'('  shift 35
	.  error


state 2
	sentencia_imprimir : PRINT . CADENA ','  (66)
	sentencia_imprimir : PRINT . CADENA ';'  (67)

	CADENA  shift 36
	.  error


state 3
	encabezado_clase : CLASS . ID  (17)

	ID  shift 37
	.  error


state 4
	encabezado_funcion : VOID . ID  (49)

	ID  shift 38
	.  error


state 5
	tipo : LONG .  (135)

	.  reduce 135


state 6
	tipo : UINT .  (134)

	.  reduce 134


state 7
	tipo : DOUBLE .  (133)

	.  reduce 133


state 8
	inicio_do : DO .  (100)

	.  reduce 100


state 9
	encabezado_interface : INTERFACE . ID  (18)

	ID  shift 39
	.  error


state 10
	sentencia_retorno : RETURN . ','  (64)
	sentencia_retorno : RETURN . ';'  (65)

	','  shift 40
	';'  shift 41
	.  error


state 11
	sentencia_expresion : TOD . '(' operacion ')' ','  (108)
	sentencia_expresion : TOD . '(' operacion ')' ';'  (109)

	'('  shift 42
	.  error


state 12
	llamado_clase : ID .  (110)
	tipo : ID .  (136)

	ID  reduce 136
	'('  reduce 110
	'.'  reduce 110
	'='  reduce 110
	"--"  reduce 110


state 13
	programa : '{' . componentes_programa '}'  (1)
	programa : '{' . componentes_programa  (2)

	IF  shift 1
	PRINT  shift 2
	CLASS  shift 3
	VOID  shift 4
	LONG  shift 5
	UINT  shift 6
	DOUBLE  shift 7
	DO  shift 8
	INTERFACE  shift 9
	RETURN  shift 10
	TOD  shift 11
	ID  shift 12
	.  error

	componentes_programa  goto 43
	declaracion  goto 16
	sentencia  goto 17
	declaracion_clase  goto 18
	declaracion_funcion  goto 19
	encabezado_clase  goto 20
	encabezado_interface  goto 21
	declaracion_variable  goto 22
	encabezado_funcion  goto 23
	tipo  goto 24
	sentencia_expresion  goto 25
	sentencia_seleccion  goto 26
	sentencia_iteracion  goto 27
	sentencia_imprimir  goto 28
	sentencia_retorno  goto 29
	condicion_if  goto 30
	inicio_do  goto 31
	factor_inmediato  goto 32
	asignacion  goto 33
	llamado_clase  goto 34


state 14
	$accept : programa . $end  (0)

	$end  accept


state 15
	programa : componentes_programa . '}'  (3)
	programa : componentes_programa .  (4)
	componentes_programa : componentes_programa . sentencia  (7)
	componentes_programa : componentes_programa . declaracion  (8)

	IF  shift 1
	PRINT  shift 2
	CLASS  shift 3
	VOID  shift 4
	LONG  shift 5
	UINT  shift 6
	DOUBLE  shift 7
	DO  shift 8
	INTERFACE  shift 9
	RETURN  shift 10
	TOD  shift 11
	ID  shift 12
	'}'  shift 44
	$end  reduce 4

	declaracion  goto 45
	sentencia  goto 46
	declaracion_clase  goto 18
	declaracion_funcion  goto 19
	encabezado_clase  goto 20
	encabezado_interface  goto 21
	declaracion_variable  goto 22
	encabezado_funcion  goto 23
	tipo  goto 24
	sentencia_expresion  goto 25
	sentencia_seleccion  goto 26
	sentencia_iteracion  goto 27
	sentencia_imprimir  goto 28
	sentencia_retorno  goto 29
	condicion_if  goto 30
	inicio_do  goto 31
	factor_inmediato  goto 32
	asignacion  goto 33
	llamado_clase  goto 34


state 16
	componentes_programa : declaracion .  (5)

	.  reduce 5


state 17
	componentes_programa : sentencia .  (6)

	.  reduce 6


state 18
	declaracion : declaracion_clase .  (9)

	.  reduce 9


state 19
	declaracion : declaracion_funcion .  (10)

	.  reduce 10


state 20
	declaracion_clase : encabezado_clase . bloque_clase ','  (11)
	declaracion_clase : encabezado_clase . IMPLEMENT ID bloque_clase ','  (12)
	declaracion_clase : encabezado_clase . bloque_clase ';'  (14)
	declaracion_clase : encabezado_clase . IMPLEMENT ID bloque_clase ';'  (15)

	IMPLEMENT  shift 47
	'{'  shift 48
	'('  shift 49
	.  error

	bloque_clase  goto 50


state 21
	declaracion_clase : encabezado_interface . bloque_interfaz ','  (13)
	declaracion_clase : encabezado_interface . bloque_interfaz ';'  (16)

	'{'  shift 51
	'('  shift 52
	.  error

	bloque_interfaz  goto 53


state 22
	sentencia_expresion : declaracion_variable .  (101)

	.  reduce 101


state 23
	declaracion_funcion : encabezado_funcion . '(' ')' bloque_sentencias_funcion ','  (45)
	declaracion_funcion : encabezado_funcion . '(' parametro_formal ')' bloque_sentencias_funcion ','  (46)
	declaracion_funcion : encabezado_funcion . '(' ')' bloque_sentencias_funcion  (47)
	declaracion_funcion : encabezado_funcion . '(' parametro_formal ')' bloque_sentencias_funcion  (48)

	'('  shift 54
	.  error


state 24
	declaracion_variable : tipo . lista_de_id ','  (44)
	asignacion : tipo . llamado_clase '=' operacion ','  (114)

	ID  shift 55
	.  error

	lista_de_id  goto 56
	llamado_clase  goto 57


state 25
	sentencia : sentencia_expresion .  (59)

	.  reduce 59


state 26
	sentencia : sentencia_seleccion .  (60)

	.  reduce 60


state 27
	sentencia : sentencia_iteracion .  (61)

	.  reduce 61


state 28
	sentencia : sentencia_imprimir .  (62)

	.  reduce 62


state 29
	sentencia : sentencia_retorno .  (63)

	.  reduce 63


state 30
	sentencia_seleccion : condicion_if . cuerpo_then END_IF ','  (68)
	sentencia_seleccion : condicion_if . cuerpo_then cuerpo_else END_IF ','  (69)
	sentencia_seleccion : condicion_if . cuerpo_then END_IF ';'  (70)
	sentencia_seleccion : condicion_if . cuerpo_then cuerpo_else END_IF ';'  (71)
	sentencia_seleccion : condicion_if . cuerpo_then ','  (72)
	sentencia_seleccion : condicion_if . cuerpo_then cuerpo_else ','  (73)

	IF  shift 1
	PRINT  shift 2
	LONG  shift 5
	UINT  shift 6
	DOUBLE  shift 7
	DO  shift 8
	RETURN  shift 10
	TOD  shift 11
	ID  shift 12
	'{'  shift 58
	'('  shift 59
	.  error

	sentencia  goto 60
	declaracion_variable  goto 22
	tipo  goto 24
	sentencia_expresion  goto 25
	sentencia_seleccion  goto 26
	sentencia_iteracion  goto 27
	sentencia_imprimir  goto 28
	sentencia_retorno  goto 29
	condicion_if  goto 30
	cuerpo_then  goto 61
	bloque_sentencias  goto 62
	inicio_do  goto 31
	factor_inmediato  goto 32
	asignacion  goto 33
	llamado_clase  goto 34


state 31
	sentencia_iteracion : inicio_do . bloque_sentencias WHILE '(' comparacion ')' ','  (97)
	sentencia_iteracion : inicio_do . bloque_sentencias WHILE '(' comparacion ')' ';'  (98)
	sentencia_iteracion : inicio_do . bloque_sentencias WHILE '(' ')' ','  (99)

	'{'  shift 58
	'('  shift 59
	.  error

	bloque_sentencias  goto 63


state 32
	sentencia_expresion : factor_inmediato .  (102)

	.  reduce 102


state 33
	sentencia_expresion : asignacion .  (103)

	.  reduce 103


state 34
	sentencia_expresion : llamado_clase . '(' ')' ','  (104)
	sentencia_expresion : llamado_clase . '(' ')' ';'  (105)
	sentencia_expresion : llamado_clase . '(' operacion ')' ','  (106)
	sentencia_expresion : llamado_clase . '(' operacion ')' ';'  (107)
	llamado_clase : llamado_clase . '.' ID  (111)
	asignacion : llamado_clase . '=' operacion ','  (112)
	asignacion : llamado_clase . '=' operacion ';'  (113)
	factor_inmediato : llamado_clase . "--"  (125)

	'('  shift 64
	'.'  shift 65
	'='  shift 66
	"--"  shift 67
	.  error


state 35
	condicion_if : IF '(' . comparacion ')'  (74)
	condicion_if : IF '(' . ')'  (75)

	error  shift 68
	ID  shift 69
	CTE_LONG  shift 70
	CTE_UINT  shift 71
	CTE_DOUBLE  shift 72
	')'  shift 73
	'<'  shift 74
	'>'  shift 75
	"<="  shift 76
	">="  shift 77
	"=="  shift 78
	"!!"  shift 79
	'-'  shift 80
	.  error

	comparacion  goto 81
	operacion  goto 82
	comparador  goto 83
	factor_inmediato  goto 84
	llamado_clase  goto 85
	termino  goto 86
	factor  goto 87
	factor_comun  goto 88


state 36
	sentencia_imprimir : PRINT CADENA . ','  (66)
	sentencia_imprimir : PRINT CADENA . ';'  (67)

	','  shift 89
	';'  shift 90
	.  error


state 37
	encabezado_clase : CLASS ID .  (17)

	.  reduce 17


state 38
	encabezado_funcion : VOID ID .  (49)

	.  reduce 49


state 39
	encabezado_interface : INTERFACE ID .  (18)

	.  reduce 18


state 40
	sentencia_retorno : RETURN ',' .  (64)

	.  reduce 64


state 41
	sentencia_retorno : RETURN ';' .  (65)

	.  reduce 65


state 42
	sentencia_expresion : TOD '(' . operacion ')' ','  (108)
	sentencia_expresion : TOD '(' . operacion ')' ';'  (109)

	ID  shift 69
	CTE_LONG  shift 70
	CTE_UINT  shift 71
	CTE_DOUBLE  shift 72
	'-'  shift 80
	.  error

	operacion  goto 91
	factor_inmediato  goto 84
	llamado_clase  goto 85
	termino  goto 86
	factor  goto 87
	factor_comun  goto 88


state 43
	programa : '{' componentes_programa . '}'  (1)
	programa : '{' componentes_programa .  (2)
	componentes_programa : componentes_programa . sentencia  (7)
	componentes_programa : componentes_programa . declaracion  (8)

	IF  shift 1
	PRINT  shift 2
	CLASS  shift 3
	VOID  shift 4
	LONG  shift 5
	UINT  shift 6
	DOUBLE  shift 7
	DO  shift 8
	INTERFACE  shift 9
	RETURN  shift 10
	TOD  shift 11
	ID  shift 12
	'}'  shift 92
	$end  reduce 2

	declaracion  goto 45
	sentencia  goto 46
	declaracion_clase  goto 18
	declaracion_funcion  goto 19
	encabezado_clase  goto 20
	encabezado_interface  goto 21
	declaracion_variable  goto 22
	encabezado_funcion  goto 23
	tipo  goto 24
	sentencia_expresion  goto 25
	sentencia_seleccion  goto 26
	sentencia_iteracion  goto 27
	sentencia_imprimir  goto 28
	sentencia_retorno  goto 29
	condicion_if  goto 30
	inicio_do  goto 31
	factor_inmediato  goto 32
	asignacion  goto 33
	llamado_clase  goto 34


state 44
	programa : componentes_programa '}' .  (3)

	.  reduce 3


state 45
	componentes_programa : componentes_programa declaracion .  (8)

	.  reduce 8


state 46
	componentes_programa : componentes_programa sentencia .  (7)

	.  reduce 7


state 47
	declaracion_clase : encabezado_clase IMPLEMENT . ID bloque_clase ','  (12)
	declaracion_clase : encabezado_clase IMPLEMENT . ID bloque_clase ';'  (15)

	ID  shift 93
	.  error


state 48
	bloque_clase : '{' . cuerpo_clase '}'  (19)
	bloque_clase : '{' . cuerpo_clase herencia_clase '}'  (20)
	bloque_clase : '{' . '}'  (22)

	VOID  shift 4
	LONG  shift 5
	UINT  shift 6
	DOUBLE  shift 7
	ID  shift 94
	'}'  shift 95
	.  error

	declaracion_funcion  goto 96
	cuerpo_clase  goto 97
	miembro_clase  goto 98
	declaracion_variable  goto 99
	encabezado_funcion  goto 23
	tipo  goto 100


state 49
	bloque_clase : '(' . cuerpo_clase ')'  (21)
	bloque_clase : '(' . ')'  (23)

	VOID  shift 4
	LONG  shift 5
	UINT  shift 6
	DOUBLE  shift 7
	ID  shift 94
	')'  shift 101
	.  error

	declaracion_funcion  goto 96
	cuerpo_clase  goto 102
	miembro_clase  goto 98
	declaracion_variable  goto 99
	encabezado_funcion  goto 23
	tipo  goto 100


state 50
	declaracion_clase : encabezado_clase bloque_clase . ','  (11)
	declaracion_clase : encabezado_clase bloque_clase . ';'  (14)

	','  shift 103
	';'  shift 104
	.  error


state 51
	bloque_interfaz : '{' . cuerpo_interfaz '}'  (25)
	bloque_interfaz : '{' . '}'  (27)

	VOID  shift 4
	'}'  shift 105
	.  error

	declaracion_funcion  goto 106
	cuerpo_interfaz  goto 107
	declaracion_funcion_interfaz  goto 108
	encabezado_funcion  goto 109


state 52
	bloque_interfaz : '(' . cuerpo_interfaz ')'  (26)
	bloque_interfaz : '(' . ')'  (28)

	VOID  shift 4
	')'  shift 110
	.  error

	declaracion_funcion  goto 106
	cuerpo_interfaz  goto 111
	declaracion_funcion_interfaz  goto 108
	encabezado_funcion  goto 109


state 53
	declaracion_clase : encabezado_interface bloque_interfaz . ','  (13)
	declaracion_clase : encabezado_interface bloque_interfaz . ';'  (16)

	','  shift 112
	';'  shift 113
	.  error


state 54
	declaracion_funcion : encabezado_funcion '(' . ')' bloque_sentencias_funcion ','  (45)
	declaracion_funcion : encabezado_funcion '(' . parametro_formal ')' bloque_sentencias_funcion ','  (46)
	declaracion_funcion : encabezado_funcion '(' . ')' bloque_sentencias_funcion  (47)
	declaracion_funcion : encabezado_funcion '(' . parametro_formal ')' bloque_sentencias_funcion  (48)

	LONG  shift 5
	UINT  shift 6
	DOUBLE  shift 7
	ID  shift 94
	')'  shift 114
	.  error

	parametro_formal  goto 115
	tipo  goto 116


state 55
	llamado_clase : ID .  (110)
	lista_de_id : ID .  (116)

	','  reduce 116
	';'  reduce 116
	'.'  reduce 110
	'='  reduce 110


state 56
	declaracion_variable : tipo lista_de_id . ','  (44)
	lista_de_id : lista_de_id . ';' ID  (115)

	','  shift 117
	';'  shift 118
	.  error


state 57
	llamado_clase : llamado_clase . '.' ID  (111)
	asignacion : tipo llamado_clase . '=' operacion ','  (114)

	'.'  shift 65
	'='  shift 119
	.  error


state 58
	bloque_sentencias : '{' . lista_sentencias '}'  (80)
	bloque_sentencias : '{' . '}'  (82)

	IF  shift 1
	PRINT  shift 2
	LONG  shift 5
	UINT  shift 6
	DOUBLE  shift 7
	DO  shift 8
	RETURN  shift 10
	TOD  shift 11
	ID  shift 12
	'}'  shift 120
	.  error

	sentencia  goto 121
	declaracion_variable  goto 22
	tipo  goto 24
	sentencia_expresion  goto 25
	sentencia_seleccion  goto 26
	sentencia_iteracion  goto 27
	sentencia_imprimir  goto 28
	sentencia_retorno  goto 29
	condicion_if  goto 30
	lista_sentencias  goto 122
	inicio_do  goto 31
	factor_inmediato  goto 32
	asignacion  goto 33
	llamado_clase  goto 34


state 59
	bloque_sentencias : '(' . lista_sentencias ')'  (81)
	bloque_sentencias : '(' . ')'  (83)

	IF  shift 1
	PRINT  shift 2
	LONG  shift 5
	UINT  shift 6
	DOUBLE  shift 7
	DO  shift 8
	RETURN  shift 10
	TOD  shift 11
	ID  shift 12
	')'  shift 123
	.  error

	sentencia  goto 121
	declaracion_variable  goto 22
	tipo  goto 24
	sentencia_expresion  goto 25
	sentencia_seleccion  goto 26
	sentencia_iteracion  goto 27
	sentencia_imprimir  goto 28
	sentencia_retorno  goto 29
	condicion_if  goto 30
	lista_sentencias  goto 124
	inicio_do  goto 31
	factor_inmediato  goto 32
	asignacion  goto 33
	llamado_clase  goto 34


state 60
	cuerpo_then : sentencia .  (76)

	.  reduce 76


state 61
	sentencia_seleccion : condicion_if cuerpo_then . END_IF ','  (68)
	sentencia_seleccion : condicion_if cuerpo_then . cuerpo_else END_IF ','  (69)
	sentencia_seleccion : condicion_if cuerpo_then . END_IF ';'  (70)
	sentencia_seleccion : condicion_if cuerpo_then . cuerpo_else END_IF ';'  (71)
	sentencia_seleccion : condicion_if cuerpo_then . ','  (72)
	sentencia_seleccion : condicion_if cuerpo_then . cuerpo_else ','  (73)

	ELSE  shift 125
	END_IF  shift 126
	','  shift 127
	.  error

	cuerpo_else  goto 128


state 62
	cuerpo_then : bloque_sentencias .  (77)

	.  reduce 77


state 63
	sentencia_iteracion : inicio_do bloque_sentencias . WHILE '(' comparacion ')' ','  (97)
	sentencia_iteracion : inicio_do bloque_sentencias . WHILE '(' comparacion ')' ';'  (98)
	sentencia_iteracion : inicio_do bloque_sentencias . WHILE '(' ')' ','  (99)

	WHILE  shift 129
	.  error


state 64
	sentencia_expresion : llamado_clase '(' . ')' ','  (104)
	sentencia_expresion : llamado_clase '(' . ')' ';'  (105)
	sentencia_expresion : llamado_clase '(' . operacion ')' ','  (106)
	sentencia_expresion : llamado_clase '(' . operacion ')' ';'  (107)

	ID  shift 69
	CTE_LONG  shift 70
	CTE_UINT  shift 71
	CTE_DOUBLE  shift 72
	')'  shift 130
	'-'  shift 80
	.  error

	operacion  goto 131
	factor_inmediato  goto 84
	llamado_clase  goto 85
	termino  goto 86
	factor  goto 87
	factor_comun  goto 88


state 65
	llamado_clase : llamado_clase '.' . ID  (111)

	ID  shift 132
	.  error


state 66
	asignacion : llamado_clase '=' . operacion ','  (112)
	asignacion : llamado_clase '=' . operacion ';'  (113)

	ID  shift 69
	CTE_LONG  shift 70
	CTE_UINT  shift 71
	CTE_DOUBLE  shift 72
	'-'  shift 80
	.  error

	operacion  goto 133
	factor_inmediato  goto 84
	llamado_clase  goto 85
	termino  goto 86
	factor  goto 87
	factor_comun  goto 88


state 67
	factor_inmediato : llamado_clase "--" .  (125)

	.  reduce 125


state 68
	comparador : error .  (96)

	.  reduce 96


state 69
	llamado_clase : ID .  (110)

	.  reduce 110


state 70
	factor_comun : CTE_LONG .  (130)

	.  reduce 130


state 71
	factor_comun : CTE_UINT .  (131)

	.  reduce 131


state 72
	factor_comun : CTE_DOUBLE .  (128)

	.  reduce 128


state 73
	condicion_if : IF '(' ')' .  (75)

	.  reduce 75


state 74
	comparador : '<' .  (90)

	.  reduce 90


state 75
	comparador : '>' .  (91)

	.  reduce 91


state 76
	comparador : "<=" .  (92)

	.  reduce 92


state 77
	comparador : ">=" .  (93)

	.  reduce 93


state 78
	comparador : "==" .  (94)

	.  reduce 94


state 79
	comparador : "!!" .  (95)

	.  reduce 95


state 80
	factor_comun : '-' . CTE_DOUBLE  (127)
	factor_comun : '-' . CTE_LONG  (129)
	factor_comun : '-' . CTE_UINT  (132)

	CTE_LONG  shift 134
	CTE_UINT  shift 135
	CTE_DOUBLE  shift 136
	.  error


state 81
	condicion_if : IF '(' comparacion . ')'  (74)

	')'  shift 137
	.  error


state 82
	comparacion : operacion . comparador operacion  (86)
	comparacion : operacion . comparador  (87)
	operacion : operacion . '+' termino  (118)
	operacion : operacion . '-' termino  (119)

	error  shift 68
	'<'  shift 74
	'>'  shift 75
	"<="  shift 76
	">="  shift 77
	"=="  shift 78
	"!!"  shift 79
	'+'  shift 138
	'-'  shift 139
	.  error

	comparador  goto 140


state 83
	comparacion : comparador . operacion  (88)
	comparacion : comparador .  (89)

	ID  shift 69
	CTE_LONG  shift 70
	CTE_UINT  shift 71
	CTE_DOUBLE  shift 72
	'-'  shift 80
	')'  reduce 89

	operacion  goto 141
	factor_inmediato  goto 84
	llamado_clase  goto 85
	termino  goto 86
	factor  goto 87
	factor_comun  goto 88


state 84
	factor : factor_inmediato .  (124)

	.  reduce 124


state 85
	llamado_clase : llamado_clase . '.' ID  (111)
	factor_inmediato : llamado_clase . "--"  (125)
	factor_comun : llamado_clase .  (126)

	'.'  shift 65
	"--"  shift 67
	error  reduce 126
	','  reduce 126
	';'  reduce 126
	')'  reduce 126
	'<'  reduce 126
	'>'  reduce 126
	"<="  reduce 126
	">="  reduce 126
	"=="  reduce 126
	"!!"  reduce 126
	'+'  reduce 126
	'-'  reduce 126
	'*'  reduce 126
	'/'  reduce 126


state 86
	operacion : termino .  (117)
	termino : termino . '*' factor  (121)
	termino : termino . '/' factor  (122)

	'*'  shift 142
	'/'  shift 143
	error  reduce 117
	','  reduce 117
	';'  reduce 117
	')'  reduce 117
	'<'  reduce 117
	'>'  reduce 117
	"<="  reduce 117
	">="  reduce 117
	"=="  reduce 117
	"!!"  reduce 117
	'+'  reduce 117
	'-'  reduce 117


state 87
	termino : factor .  (120)

	.  reduce 120


state 88
	factor : factor_comun .  (123)

	.  reduce 123


state 89
	sentencia_imprimir : PRINT CADENA ',' .  (66)

	.  reduce 66


state 90
	sentencia_imprimir : PRINT CADENA ';' .  (67)

	.  reduce 67


state 91
	sentencia_expresion : TOD '(' operacion . ')' ','  (108)
	sentencia_expresion : TOD '(' operacion . ')' ';'  (109)
	operacion : operacion . '+' termino  (118)
	operacion : operacion . '-' termino  (119)

	')'  shift 144
	'+'  shift 138
	'-'  shift 139
	.  error


state 92
	programa : '{' componentes_programa '}' .  (1)

	.  reduce 1


state 93
	declaracion_clase : encabezado_clase IMPLEMENT ID . bloque_clase ','  (12)
	declaracion_clase : encabezado_clase IMPLEMENT ID . bloque_clase ';'  (15)

	'{'  shift 48
	'('  shift 49
	.  error

	bloque_clase  goto 145


state 94
	tipo : ID .  (136)

	.  reduce 136


state 95
	bloque_clase : '{' '}' .  (22)

	.  reduce 22


state 96
	miembro_clase : declaracion_funcion .  (32)

	.  reduce 32


state 97
	bloque_clase : '{' cuerpo_clase . '}'  (19)
	bloque_clase : '{' cuerpo_clase . herencia_clase '}'  (20)
	cuerpo_clase : cuerpo_clase . miembro_clase  (30)

	VOID  shift 4
	LONG  shift 5
	UINT  shift 6
	DOUBLE  shift 7
	ID  shift 146
	'}'  shift 147
	.  error

	declaracion_funcion  goto 96
	herencia_clase  goto 148
	miembro_clase  goto 149
	declaracion_variable  goto 99
	encabezado_funcion  goto 23
	tipo  goto 100


state 98
	cuerpo_clase : miembro_clase .  (29)

	.  reduce 29


state 99
	miembro_clase : declaracion_variable .  (31)

	.  reduce 31


state 100
	declaracion_variable : tipo . lista_de_id ','  (44)

	ID  shift 150
	.  error

	lista_de_id  goto 56


state 101
	bloque_clase : '(' ')' .  (23)

	.  reduce 23


state 102
	bloque_clase : '(' cuerpo_clase . ')'  (21)
	cuerpo_clase : cuerpo_clase . miembro_clase  (30)

	VOID  shift 4
	LONG  shift 5
	UINT  shift 6
	DOUBLE  shift 7
	ID  shift 94
	')'  shift 151
	.  error

	declaracion_funcion  goto 96
	miembro_clase  goto 149
	declaracion_variable  goto 99
	encabezado_funcion  goto 23
	tipo  goto 100


state 103
	declaracion_clase : encabezado_clase bloque_clase ',' .  (11)

	.  reduce 11


state 104
	declaracion_clase : encabezado_clase bloque_clase ';' .  (14)

	.  reduce 14


state 105
	bloque_interfaz : '{' '}' .  (27)

	.  reduce 27


state 106
	cuerpo_interfaz : declaracion_funcion .  (35)

	.  reduce 35


state 107
	bloque_interfaz : '{' cuerpo_interfaz . '}'  (25)
	cuerpo_interfaz : cuerpo_interfaz . declaracion_funcion_interfaz  (34)
	cuerpo_interfaz : cuerpo_interfaz . declaracion_funcion  (36)

	VOID  shift 4
	'}'  shift 152
	.  error

	declaracion_funcion  goto 153
	declaracion_funcion_interfaz  goto 154
	encabezado_funcion  goto 109


state 108
	cuerpo_interfaz : declaracion_funcion_interfaz .  (33)

	.  reduce 33


state 109
	declaracion_funcion_interfaz : encabezado_funcion . '(' ')' ','  (37)
	declaracion_funcion_interfaz : encabezado_funcion . '(' parametro_formal ')' ','  (38)
	declaracion_funcion_interfaz : encabezado_funcion . '(' ')' ';'  (39)
	declaracion_funcion_interfaz : encabezado_funcion . '(' parametro_formal ')' ';'  (40)
	declaracion_funcion_interfaz : encabezado_funcion . parametro_formal ','  (41)
	declaracion_funcion_interfaz : encabezado_funcion . ';'  (42)
	declaracion_funcion_interfaz : encabezado_funcion . parametro_formal ';'  (43)
	declaracion_funcion : encabezado_funcion . '(' ')' bloque_sentencias_funcion ','  (45)
	declaracion_funcion : encabezado_funcion . '(' parametro_formal ')' bloque_sentencias_funcion ','  (46)
	declaracion_funcion : encabezado_funcion . '(' ')' bloque_sentencias_funcion  (47)
	declaracion_funcion : encabezado_funcion . '(' parametro_formal ')' bloque_sentencias_funcion  (48)

	LONG  shift 5
	UINT  shift 6
	DOUBLE  shift 7
	ID  shift 94
	';'  shift 155
	'('  shift 156
	.  error

	parametro_formal  goto 157
	tipo  goto 116


state 110
	bloque_interfaz : '(' ')' .  (28)

	.  reduce 28


state 111
	bloque_interfaz : '(' cuerpo_interfaz . ')'  (26)
	cuerpo_interfaz : cuerpo_interfaz . declaracion_funcion_interfaz  (34)
	cuerpo_interfaz : cuerpo_interfaz . declaracion_funcion  (36)

	VOID  shift 4
	')'  shift 158
	.  error

	declaracion_funcion  goto 153
	declaracion_funcion_interfaz  goto 154
	encabezado_funcion  goto 109


state 112
	declaracion_clase : encabezado_interface bloque_interfaz ',' .  (13)

	.  reduce 13


state 113
	declaracion_clase : encabezado_interface bloque_interfaz ';' .  (16)

	.  reduce 16


state 114
	declaracion_funcion : encabezado_funcion '(' ')' . bloque_sentencias_funcion ','  (45)
	declaracion_funcion : encabezado_funcion '(' ')' . bloque_sentencias_funcion  (47)

	'{'  shift 159
	'('  shift 160
	.  error

	bloque_sentencias_funcion  goto 161


state 115
	declaracion_funcion : encabezado_funcion '(' parametro_formal . ')' bloque_sentencias_funcion ','  (46)
	declaracion_funcion : encabezado_funcion '(' parametro_formal . ')' bloque_sentencias_funcion  (48)

	')'  shift 162
	.  error


state 116
	parametro_formal : tipo . ID  (50)

	ID  shift 163
	.  error


state 117
	declaracion_variable : tipo lista_de_id ',' .  (44)

	.  reduce 44


state 118
	lista_de_id : lista_de_id ';' . ID  (115)

	ID  shift 164
	.  error


state 119
	asignacion : tipo llamado_clase '=' . operacion ','  (114)

	ID  shift 69
	CTE_LONG  shift 70
	CTE_UINT  shift 71
	CTE_DOUBLE  shift 72
	'-'  shift 80
	.  error

	operacion  goto 165
	factor_inmediato  goto 84
	llamado_clase  goto 85
	termino  goto 86
	factor  goto 87
	factor_comun  goto 88


state 120
	bloque_sentencias : '{' '}' .  (82)

	.  reduce 82


state 121
	lista_sentencias : sentencia .  (84)

	.  reduce 84


state 122
	bloque_sentencias : '{' lista_sentencias . '}'  (80)
	lista_sentencias : lista_sentencias . sentencia  (85)

	IF  shift 1
	PRINT  shift 2
	LONG  shift 5
	UINT  shift 6
	DOUBLE  shift 7
	DO  shift 8
	RETURN  shift 10
	TOD  shift 11
	ID  shift 12
	'}'  shift 166
	.  error

	sentencia  goto 167
	declaracion_variable  goto 22
	tipo  goto 24
	sentencia_expresion  goto 25
	sentencia_seleccion  goto 26
	sentencia_iteracion  goto 27
	sentencia_imprimir  goto 28
	sentencia_retorno  goto 29
	condicion_if  goto 30
	inicio_do  goto 31
	factor_inmediato  goto 32
	asignacion  goto 33
	llamado_clase  goto 34


state 123
	bloque_sentencias : '(' ')' .  (83)

	.  reduce 83


state 124
	bloque_sentencias : '(' lista_sentencias . ')'  (81)
	lista_sentencias : lista_sentencias . sentencia  (85)

	IF  shift 1
	PRINT  shift 2
	LONG  shift 5
	UINT  shift 6
	DOUBLE  shift 7
	DO  shift 8
	RETURN  shift 10
	TOD  shift 11
	ID  shift 12
	')'  shift 168
	.  error

	sentencia  goto 167
	declaracion_variable  goto 22
	tipo  goto 24
	sentencia_expresion  goto 25
	sentencia_seleccion  goto 26
	sentencia_iteracion  goto 27
	sentencia_imprimir  goto 28
	sentencia_retorno  goto 29
	condicion_if  goto 30
	inicio_do  goto 31
	factor_inmediato  goto 32
	asignacion  goto 33
	llamado_clase  goto 34


state 125
	cuerpo_else : ELSE . sentencia  (78)
	cuerpo_else : ELSE . bloque_sentencias  (79)

	IF  shift 1
	PRINT  shift 2
	LONG  shift 5
	UINT  shift 6
	DOUBLE  shift 7
	DO  shift 8
	RETURN  shift 10
	TOD  shift 11
	ID  shift 12
	'{'  shift 58
	'('  shift 59
	.  error

	sentencia  goto 169
	declaracion_variable  goto 22
	tipo  goto 24
	sentencia_expresion  goto 25
	sentencia_seleccion  goto 26
	sentencia_iteracion  goto 27
	sentencia_imprimir  goto 28
	sentencia_retorno  goto 29
	condicion_if  goto 30
	bloque_sentencias  goto 170
	inicio_do  goto 31
	factor_inmediato  goto 32
	asignacion  goto 33
	llamado_clase  goto 34


state 126
	sentencia_seleccion : condicion_if cuerpo_then END_IF . ','  (68)
	sentencia_seleccion : condicion_if cuerpo_then END_IF . ';'  (70)

	','  shift 171
	';'  shift 172
	.  error


state 127
	sentencia_seleccion : condicion_if cuerpo_then ',' .  (72)

	.  reduce 72


state 128
	sentencia_seleccion : condicion_if cuerpo_then cuerpo_else . END_IF ','  (69)
	sentencia_seleccion : condicion_if cuerpo_then cuerpo_else . END_IF ';'  (71)
	sentencia_seleccion : condicion_if cuerpo_then cuerpo_else . ','  (73)

	END_IF  shift 173
	','  shift 174
	.  error


state 129
	sentencia_iteracion : inicio_do bloque_sentencias WHILE . '(' comparacion ')' ','  (97)
	sentencia_iteracion : inicio_do bloque_sentencias WHILE . '(' comparacion ')' ';'  (98)
	sentencia_iteracion : inicio_do bloque_sentencias WHILE . '(' ')' ','  (99)

	'('  shift 175
	.  error


state 130
	sentencia_expresion : llamado_clase '(' ')' . ','  (104)
	sentencia_expresion : llamado_clase '(' ')' . ';'  (105)

	','  shift 176
	';'  shift 177
	.  error


state 131
	sentencia_expresion : llamado_clase '(' operacion . ')' ','  (106)
	sentencia_expresion : llamado_clase '(' operacion . ')' ';'  (107)
	operacion : operacion . '+' termino  (118)
	operacion : operacion . '-' termino  (119)

	')'  shift 178
	'+'  shift 138
	'-'  shift 139
	.  error


state 132
	llamado_clase : llamado_clase '.' ID .  (111)

	.  reduce 111


state 133
	asignacion : llamado_clase '=' operacion . ','  (112)
	asignacion : llamado_clase '=' operacion . ';'  (113)
	operacion : operacion . '+' termino  (118)
	operacion : operacion . '-' termino  (119)

	','  shift 179
	';'  shift 180
	'+'  shift 138
	'-'  shift 139
	.  error


state 134
	factor_comun : '-' CTE_LONG .  (129)

	.  reduce 129


state 135
	factor_comun : '-' CTE_UINT .  (132)

	.  reduce 132


state 136
	factor_comun : '-' CTE_DOUBLE .  (127)

	.  reduce 127


state 137
	condicion_if : IF '(' comparacion ')' .  (74)

	.  reduce 74


state 138
	operacion : operacion '+' . termino  (118)

	ID  shift 69
	CTE_LONG  shift 70
	CTE_UINT  shift 71
	CTE_DOUBLE  shift 72
	'-'  shift 80
	.  error

	factor_inmediato  goto 84
	llamado_clase  goto 85
	termino  goto 181
	factor  goto 87
	factor_comun  goto 88


state 139
	operacion : operacion '-' . termino  (119)

	ID  shift 69
	CTE_LONG  shift 70
	CTE_UINT  shift 71
	CTE_DOUBLE  shift 72
	'-'  shift 80
	.  error

	factor_inmediato  goto 84
	llamado_clase  goto 85
	termino  goto 182
	factor  goto 87
	factor_comun  goto 88


state 140
	comparacion : operacion comparador . operacion  (86)
	comparacion : operacion comparador .  (87)

	ID  shift 69
	CTE_LONG  shift 70
	CTE_UINT  shift 71
	CTE_DOUBLE  shift 72
	'-'  shift 80
	')'  reduce 87

	operacion  goto 183
	factor_inmediato  goto 84
	llamado_clase  goto 85
	termino  goto 86
	factor  goto 87
	factor_comun  goto 88


state 141
	comparacion : comparador operacion .  (88)
	operacion : operacion . '+' termino  (118)
	operacion : operacion . '-' termino  (119)

	'+'  shift 138
	'-'  shift 139
	')'  reduce 88


state 142
	termino : termino '*' . factor  (121)

	ID  shift 69
	CTE_LONG  shift 70
	CTE_UINT  shift 71
	CTE_DOUBLE  shift 72
	'-'  shift 80
	.  error

	factor_inmediato  goto 84
	llamado_clase  goto 85
	factor  goto 184
	factor_comun  goto 88


state 143
	termino : termino '/' . factor  (122)

	ID  shift 69
	CTE_LONG  shift 70
	CTE_UINT  shift 71
	CTE_DOUBLE  shift 72
	'-'  shift 80
	.  error

	factor_inmediato  goto 84
	llamado_clase  goto 85
	factor  goto 185
	factor_comun  goto 88


state 144
	sentencia_expresion : TOD '(' operacion ')' . ','  (108)
	sentencia_expresion : TOD '(' operacion ')' . ';'  (109)

	','  shift 186
	';'  shift 187
	.  error


state 145
	declaracion_clase : encabezado_clase IMPLEMENT ID bloque_clase . ','  (12)
	declaracion_clase : encabezado_clase IMPLEMENT ID bloque_clase . ';'  (15)

	','  shift 188
	';'  shift 189
	.  error


state 146
	herencia_clase : ID . ','  (24)
	tipo : ID .  (136)

	','  shift 190
	ID  reduce 136


state 147
	bloque_clase : '{' cuerpo_clase '}' .  (19)

	.  reduce 19


state 148
	bloque_clase : '{' cuerpo_clase herencia_clase . '}'  (20)

	'}'  shift 191
	.  error


state 149
	cuerpo_clase : cuerpo_clase miembro_clase .  (30)

	.  reduce 30


state 150
	lista_de_id : ID .  (116)

	.  reduce 116


state 151
	bloque_clase : '(' cuerpo_clase ')' .  (21)

	.  reduce 21


state 152
	bloque_interfaz : '{' cuerpo_interfaz '}' .  (25)

	.  reduce 25


state 153
	cuerpo_interfaz : cuerpo_interfaz declaracion_funcion .  (36)

	.  reduce 36


state 154
	cuerpo_interfaz : cuerpo_interfaz declaracion_funcion_interfaz .  (34)

	.  reduce 34


state 155
	declaracion_funcion_interfaz : encabezado_funcion ';' .  (42)

	.  reduce 42


state 156
	declaracion_funcion_interfaz : encabezado_funcion '(' . ')' ','  (37)
	declaracion_funcion_interfaz : encabezado_funcion '(' . parametro_formal ')' ','  (38)
	declaracion_funcion_interfaz : encabezado_funcion '(' . ')' ';'  (39)
	declaracion_funcion_interfaz : encabezado_funcion '(' . parametro_formal ')' ';'  (40)
	declaracion_funcion : encabezado_funcion '(' . ')' bloque_sentencias_funcion ','  (45)
	declaracion_funcion : encabezado_funcion '(' . parametro_formal ')' bloque_sentencias_funcion ','  (46)
	declaracion_funcion : encabezado_funcion '(' . ')' bloque_sentencias_funcion  (47)
	declaracion_funcion : encabezado_funcion '(' . parametro_formal ')' bloque_sentencias_funcion  (48)

	LONG  shift 5
	UINT  shift 6
	DOUBLE  shift 7
	ID  shift 94
	')'  shift 192
	.  error

	parametro_formal  goto 193
	tipo  goto 116


state 157
	declaracion_funcion_interfaz : encabezado_funcion parametro_formal . ','  (41)
	declaracion_funcion_interfaz : encabezado_funcion parametro_formal . ';'  (43)

	','  shift 194
	';'  shift 195
	.  error


state 158
	bloque_interfaz : '(' cuerpo_interfaz ')' .  (26)

	.  reduce 26


state 159
	bloque_sentencias_funcion : '{' . lista_sentencias_funcion '}'  (51)
	bloque_sentencias_funcion : '{' . '}'  (53)

	IF  shift 1
	PRINT  shift 2
	VOID  shift 4
	LONG  shift 5
	UINT  shift 6
	DOUBLE  shift 7
	DO  shift 8
	RETURN  shift 10
	TOD  shift 11
	ID  shift 12
	'}'  shift 196
	.  error

	sentencia  goto 197
	declaracion_funcion  goto 198
	declaracion_variable  goto 22
	encabezado_funcion  goto 23
	tipo  goto 24
	lista_sentencias_funcion  goto 199
	sentencia_funcion  goto 200
	sentencia_expresion  goto 25
	sentencia_seleccion  goto 26
	sentencia_iteracion  goto 27
	sentencia_imprimir  goto 28
	sentencia_retorno  goto 29
	condicion_if  goto 30
	inicio_do  goto 31
	factor_inmediato  goto 32
	asignacion  goto 33
	llamado_clase  goto 34


state 160
	bloque_sentencias_funcion : '(' . lista_sentencias_funcion ')'  (52)
	bloque_sentencias_funcion : '(' . ')'  (54)

	IF  shift 1
	PRINT  shift 2
	VOID  shift 4
	LONG  shift 5
	UINT  shift 6
	DOUBLE  shift 7
	DO  shift 8
	RETURN  shift 10
	TOD  shift 11
	ID  shift 12
	')'  shift 201
	.  error

	sentencia  goto 197
	declaracion_funcion  goto 198
	declaracion_variable  goto 22
	encabezado_funcion  goto 23
	tipo  goto 24
	lista_sentencias_funcion  goto 202
	sentencia_funcion  goto 200
	sentencia_expresion  goto 25
	sentencia_seleccion  goto 26
	sentencia_iteracion  goto 27
	sentencia_imprimir  goto 28
	sentencia_retorno  goto 29
	condicion_if  goto 30
	inicio_do  goto 31
	factor_inmediato  goto 32
	asignacion  goto 33
	llamado_clase  goto 34


state 161
	declaracion_funcion : encabezado_funcion '(' ')' bloque_sentencias_funcion . ','  (45)
	declaracion_funcion : encabezado_funcion '(' ')' bloque_sentencias_funcion .  (47)

	','  shift 203
	$end  reduce 47
	IF  reduce 47
	PRINT  reduce 47
	CLASS  reduce 47
	VOID  reduce 47
	LONG  reduce 47
	UINT  reduce 47
	DOUBLE  reduce 47
	DO  reduce 47
	INTERFACE  reduce 47
	RETURN  reduce 47
	TOD  reduce 47
	ID  reduce 47
	'}'  reduce 47
	')'  reduce 47


state 162
	declaracion_funcion : encabezado_funcion '(' parametro_formal ')' . bloque_sentencias_funcion ','  (46)
	declaracion_funcion : encabezado_funcion '(' parametro_formal ')' . bloque_sentencias_funcion  (48)

	'{'  shift 159
	'('  shift 160
	.  error

	bloque_sentencias_funcion  goto 204


state 163
	parametro_formal : tipo ID .  (50)

	.  reduce 50


state 164
	lista_de_id : lista_de_id ';' ID .  (115)

	.  reduce 115


state 165
	asignacion : tipo llamado_clase '=' operacion . ','  (114)
	operacion : operacion . '+' termino  (118)
	operacion : operacion . '-' termino  (119)

	','  shift 205
	'+'  shift 138
	'-'  shift 139
	.  error


state 166
	bloque_sentencias : '{' lista_sentencias '}' .  (80)

	.  reduce 80


state 167
	lista_sentencias : lista_sentencias sentencia .  (85)

	.  reduce 85


state 168
	bloque_sentencias : '(' lista_sentencias ')' .  (81)

	.  reduce 81


state 169
	cuerpo_else : ELSE sentencia .  (78)

	.  reduce 78


state 170
	cuerpo_else : ELSE bloque_sentencias .  (79)

	.  reduce 79


state 171
	sentencia_seleccion : condicion_if cuerpo_then END_IF ',' .  (68)

	.  reduce 68


state 172
	sentencia_seleccion : condicion_if cuerpo_then END_IF ';' .  (70)

	.  reduce 70


state 173
	sentencia_seleccion : condicion_if cuerpo_then cuerpo_else END_IF . ','  (69)
	sentencia_seleccion : condicion_if cuerpo_then cuerpo_else END_IF . ';'  (71)

	','  shift 206
	';'  shift 207
	.  error


state 174
	sentencia_seleccion : condicion_if cuerpo_then cuerpo_else ',' .  (73)

	.  reduce 73


state 175
	sentencia_iteracion : inicio_do bloque_sentencias WHILE '(' . comparacion ')' ','  (97)
	sentencia_iteracion : inicio_do bloque_sentencias WHILE '(' . comparacion ')' ';'  (98)
	sentencia_iteracion : inicio_do bloque_sentencias WHILE '(' . ')' ','  (99)

	error  shift 68
	ID  shift 69
	CTE_LONG  shift 70
	CTE_UINT  shift 71
	CTE_DOUBLE  shift 72
	')'  shift 208
	'<'  shift 74
	'>'  shift 75
	"<="  shift 76
	">="  shift 77
	"=="  shift 78
	"!!"  shift 79
	'-'  shift 80
	.  error

	comparacion  goto 209
	operacion  goto 82
	comparador  goto 83
	factor_inmediato  goto 84
	llamado_clase  goto 85
	termino  goto 86
	factor  goto 87
	factor_comun  goto 88


state 176
	sentencia_expresion : llamado_clase '(' ')' ',' .  (104)

	.  reduce 104


state 177
	sentencia_expresion : llamado_clase '(' ')' ';' .  (105)

	.  reduce 105


state 178
	sentencia_expresion : llamado_clase '(' operacion ')' . ','  (106)
	sentencia_expresion : llamado_clase '(' operacion ')' . ';'  (107)

	','  shift 210
	';'  shift 211
	.  error


state 179
	asignacion : llamado_clase '=' operacion ',' .  (112)

	.  reduce 112


state 180
	asignacion : llamado_clase '=' operacion ';' .  (113)

	.  reduce 113


state 181
	operacion : operacion '+' termino .  (118)
	termino : termino . '*' factor  (121)
	termino : termino . '/' factor  (122)

	'*'  shift 142
	'/'  shift 143
	error  reduce 118
	','  reduce 118
	';'  reduce 118
	')'  reduce 118
	'<'  reduce 118
	'>'  reduce 118
	"<="  reduce 118
	">="  reduce 118
	"=="  reduce 118
	"!!"  reduce 118
	'+'  reduce 118
	'-'  reduce 118


state 182
	operacion : operacion '-' termino .  (119)
	termino : termino . '*' factor  (121)
	termino : termino . '/' factor  (122)

	'*'  shift 142
	'/'  shift 143
	error  reduce 119
	','  reduce 119
	';'  reduce 119
	')'  reduce 119
	'<'  reduce 119
	'>'  reduce 119
	"<="  reduce 119
	">="  reduce 119
	"=="  reduce 119
	"!!"  reduce 119
	'+'  reduce 119
	'-'  reduce 119


state 183
	comparacion : operacion comparador operacion .  (86)
	operacion : operacion . '+' termino  (118)
	operacion : operacion . '-' termino  (119)

	'+'  shift 138
	'-'  shift 139
	')'  reduce 86


state 184
	termino : termino '*' factor .  (121)

	.  reduce 121


state 185
	termino : termino '/' factor .  (122)

	.  reduce 122


state 186
	sentencia_expresion : TOD '(' operacion ')' ',' .  (108)

	.  reduce 108


state 187
	sentencia_expresion : TOD '(' operacion ')' ';' .  (109)

	.  reduce 109


state 188
	declaracion_clase : encabezado_clase IMPLEMENT ID bloque_clase ',' .  (12)

	.  reduce 12


state 189
	declaracion_clase : encabezado_clase IMPLEMENT ID bloque_clase ';' .  (15)

	.  reduce 15


state 190
	herencia_clase : ID ',' .  (24)

	.  reduce 24


state 191
	bloque_clase : '{' cuerpo_clase herencia_clase '}' .  (20)

	.  reduce 20


state 192
	declaracion_funcion_interfaz : encabezado_funcion '(' ')' . ','  (37)
	declaracion_funcion_interfaz : encabezado_funcion '(' ')' . ';'  (39)
	declaracion_funcion : encabezado_funcion '(' ')' . bloque_sentencias_funcion ','  (45)
	declaracion_funcion : encabezado_funcion '(' ')' . bloque_sentencias_funcion  (47)

	'{'  shift 159
	','  shift 212
	';'  shift 213
	'('  shift 160
	.  error

	bloque_sentencias_funcion  goto 161


state 193
	declaracion_funcion_interfaz : encabezado_funcion '(' parametro_formal . ')' ','  (38)
	declaracion_funcion_interfaz : encabezado_funcion '(' parametro_formal . ')' ';'  (40)
	declaracion_funcion : encabezado_funcion '(' parametro_formal . ')' bloque_sentencias_funcion ','  (46)
	declaracion_funcion : encabezado_funcion '(' parametro_formal . ')' bloque_sentencias_funcion  (48)

	')'  shift 214
	.  error


state 194
	declaracion_funcion_interfaz : encabezado_funcion parametro_formal ',' .  (41)

	.  reduce 41


state 195
	declaracion_funcion_interfaz : encabezado_funcion parametro_formal ';' .  (43)

	.  reduce 43


state 196
	bloque_sentencias_funcion : '{' '}' .  (53)

	.  reduce 53


state 197
	sentencia_funcion : sentencia .  (58)

	.  reduce 58


state 198
	sentencia_funcion : declaracion_funcion .  (57)

	.  reduce 57


state 199
	bloque_sentencias_funcion : '{' lista_sentencias_funcion . '}'  (51)
	lista_sentencias_funcion : lista_sentencias_funcion . sentencia_funcion  (56)

	IF  shift 1
	PRINT  shift 2
	VOID  shift 4
	LONG  shift 5
	UINT  shift 6
	DOUBLE  shift 7
	DO  shift 8
	RETURN  shift 10
	TOD  shift 11
	ID  shift 12
	'}'  shift 215
	.  error

	sentencia  goto 197
	declaracion_funcion  goto 198
	declaracion_variable  goto 22
	encabezado_funcion  goto 23
	tipo  goto 24
	sentencia_funcion  goto 216
	sentencia_expresion  goto 25
	sentencia_seleccion  goto 26
	sentencia_iteracion  goto 27
	sentencia_imprimir  goto 28
	sentencia_retorno  goto 29
	condicion_if  goto 30
	inicio_do  goto 31
	factor_inmediato  goto 32
	asignacion  goto 33
	llamado_clase  goto 34


state 200
	lista_sentencias_funcion : sentencia_funcion .  (55)

	.  reduce 55


state 201
	bloque_sentencias_funcion : '(' ')' .  (54)

	.  reduce 54


state 202
	bloque_sentencias_funcion : '(' lista_sentencias_funcion . ')'  (52)
	lista_sentencias_funcion : lista_sentencias_funcion . sentencia_funcion  (56)

	IF  shift 1
	PRINT  shift 2
	VOID  shift 4
	LONG  shift 5
	UINT  shift 6
	DOUBLE  shift 7
	DO  shift 8
	RETURN  shift 10
	TOD  shift 11
	ID  shift 12
	')'  shift 217
	.  error

	sentencia  goto 197
	declaracion_funcion  goto 198
	declaracion_variable  goto 22
	encabezado_funcion  goto 23
	tipo  goto 24
	sentencia_funcion  goto 216
	sentencia_expresion  goto 25
	sentencia_seleccion  goto 26
	sentencia_iteracion  goto 27
	sentencia_imprimir  goto 28
	sentencia_retorno  goto 29
	condicion_if  goto 30
	inicio_do  goto 31
	factor_inmediato  goto 32
	asignacion  goto 33
	llamado_clase  goto 34


state 203
	declaracion_funcion : encabezado_funcion '(' ')' bloque_sentencias_funcion ',' .  (45)

	.  reduce 45


state 204
	declaracion_funcion : encabezado_funcion '(' parametro_formal ')' bloque_sentencias_funcion . ','  (46)
	declaracion_funcion : encabezado_funcion '(' parametro_formal ')' bloque_sentencias_funcion .  (48)

	','  shift 218
	$end  reduce 48
	IF  reduce 48
	PRINT  reduce 48
	CLASS  reduce 48
	VOID  reduce 48
	LONG  reduce 48
	UINT  reduce 48
	DOUBLE  reduce 48
	DO  reduce 48
	INTERFACE  reduce 48
	RETURN  reduce 48
	TOD  reduce 48
	ID  reduce 48
	'}'  reduce 48
	')'  reduce 48


state 205
	asignacion : tipo llamado_clase '=' operacion ',' .  (114)

	.  reduce 114


state 206
	sentencia_seleccion : condicion_if cuerpo_then cuerpo_else END_IF ',' .  (69)

	.  reduce 69


state 207
	sentencia_seleccion : condicion_if cuerpo_then cuerpo_else END_IF ';' .  (71)

	.  reduce 71


state 208
	sentencia_iteracion : inicio_do bloque_sentencias WHILE '(' ')' . ','  (99)

	','  shift 219
	.  error


state 209
	sentencia_iteracion : inicio_do bloque_sentencias WHILE '(' comparacion . ')' ','  (97)
	sentencia_iteracion : inicio_do bloque_sentencias WHILE '(' comparacion . ')' ';'  (98)

	')'  shift 220
	.  error


state 210
	sentencia_expresion : llamado_clase '(' operacion ')' ',' .  (106)

	.  reduce 106


state 211
	sentencia_expresion : llamado_clase '(' operacion ')' ';' .  (107)

	.  reduce 107


state 212
	declaracion_funcion_interfaz : encabezado_funcion '(' ')' ',' .  (37)

	.  reduce 37


state 213
	declaracion_funcion_interfaz : encabezado_funcion '(' ')' ';' .  (39)

	.  reduce 39


state 214
	declaracion_funcion_interfaz : encabezado_funcion '(' parametro_formal ')' . ','  (38)
	declaracion_funcion_interfaz : encabezado_funcion '(' parametro_formal ')' . ';'  (40)
	declaracion_funcion : encabezado_funcion '(' parametro_formal ')' . bloque_sentencias_funcion ','  (46)
	declaracion_funcion : encabezado_funcion '(' parametro_formal ')' . bloque_sentencias_funcion  (48)

	'{'  shift 159
	','  shift 221
	';'  shift 222
	'('  shift 160
	.  error

	bloque_sentencias_funcion  goto 204


state 215
	bloque_sentencias_funcion : '{' lista_sentencias_funcion '}' .  (51)

	.  reduce 51


state 216
	lista_sentencias_funcion : lista_sentencias_funcion sentencia_funcion .  (56)

	.  reduce 56


state 217
	bloque_sentencias_funcion : '(' lista_sentencias_funcion ')' .  (52)

	.  reduce 52


state 218
	declaracion_funcion : encabezado_funcion '(' parametro_formal ')' bloque_sentencias_funcion ',' .  (46)

	.  reduce 46


state 219
	sentencia_iteracion : inicio_do bloque_sentencias WHILE '(' ')' ',' .  (99)

	.  reduce 99


state 220
	sentencia_iteracion : inicio_do bloque_sentencias WHILE '(' comparacion ')' . ','  (97)
	sentencia_iteracion : inicio_do bloque_sentencias WHILE '(' comparacion ')' . ';'  (98)

	','  shift 223
	';'  shift 224
	.  error


state 221
	declaracion_funcion_interfaz : encabezado_funcion '(' parametro_formal ')' ',' .  (38)

	.  reduce 38


state 222
	declaracion_funcion_interfaz : encabezado_funcion '(' parametro_formal ')' ';' .  (40)

	.  reduce 40


state 223
	sentencia_iteracion : inicio_do bloque_sentencias WHILE '(' comparacion ')' ',' .  (97)

	.  reduce 97


state 224
	sentencia_iteracion : inicio_do bloque_sentencias WHILE '(' comparacion ')' ';' .  (98)

	.  reduce 98


41 terminals, 44 nonterminals
137 grammar rules, 225 states
